<?xml version="1.0" encoding="UTF-8"?>
<testsuite xmlns:xsi="http://www.w3.org/2001/XMLSchema-instance" xsi:noNamespaceSchemaLocation="https://maven.apache.org/surefire/maven-surefire-plugin/xsd/surefire-test-report-3.0.xsd" version="3.0" name="com.backend.TestClasses.UserControllerIntegrationTest" time="0.497" tests="2" errors="0" skipped="0" failures="0">
  <properties>
[...]
</properties>
  <testcase name="testDatabaseConnection" classname="com.backend.TestClasses.UserControllerIntegrationTest" time="0.012">
    <system-out><![CDATA[2025-03-06T23:32:58.178-08:00  INFO 67156 --- [           main] t.c.s.AnnotationConfigContextLoaderUtils : Could not detect default configuration classes for test class [com.backend.TestClasses.UserControllerIntegrationTest]: UserControllerIntegrationTest does not declare any static, non-private, non-final, nested classes annotated with @Configuration.
2025-03-06T23:32:58.180-08:00  INFO 67156 --- [           main] .b.t.c.SpringBootTestContextBootstrapper : Found @SpringBootConfiguration com.backend.SpringApiApplication for test class com.backend.TestClasses.UserControllerIntegrationTest

  .   ____          _            __ _ _
 /\\ / ___'_ __ _ _(_)_ __  __ _ \ \ \ \
( ( )\___ | '_ | '_| | '_ \/ _` | \ \ \ \
 \\/  ___)| |_)| | | | | || (_| |  ) ) ) )
  '  |____| .__|_| |_|_| |_\__, | / / / /
 =========|_|==============|___/=/_/_/_/
 :: Spring Boot ::                (v3.1.5)

2025-03-06T23:32:58.196-08:00  INFO 67156 --- [           main] c.b.T.UserControllerIntegrationTest      : Starting UserControllerIntegrationTest using Java 21.0.5 with PID 67156 (started by priyanshu in /Users/priyanshu/COSC310-Team-2-1/BackEnd/pogodo)
2025-03-06T23:32:58.196-08:00  INFO 67156 --- [           main] c.b.T.UserControllerIntegrationTest      : The following 1 profile is active: "h2"
2025-03-06T23:32:58.295-08:00  INFO 67156 --- [           main] .s.d.r.c.RepositoryConfigurationDelegate : Bootstrapping Spring Data JPA repositories in DEFAULT mode.
2025-03-06T23:32:58.299-08:00  INFO 67156 --- [           main] .s.d.r.c.RepositoryConfigurationDelegate : Finished Spring Data repository scanning in 3 ms. Found 3 JPA repository interfaces.
2025-03-06T23:32:58.352-08:00  INFO 67156 --- [           main] o.hibernate.jpa.internal.util.LogHelper  : HHH000204: Processing PersistenceUnitInfo [name: default]
2025-03-06T23:32:58.353-08:00  INFO 67156 --- [           main] o.s.o.j.p.SpringPersistenceUnitInfo      : No LoadTimeWeaver setup: ignoring JPA class transformer
2025-03-06T23:32:58.354-08:00  INFO 67156 --- [           main] com.zaxxer.hikari.HikariDataSource       : HikariPool-1 - Starting...
2025-03-06T23:32:58.358-08:00  INFO 67156 --- [           main] com.zaxxer.hikari.pool.HikariPool        : HikariPool-1 - Added connection conn5: url=jdbc:h2:mem:testdb user=SA
2025-03-06T23:32:58.359-08:00  INFO 67156 --- [           main] com.zaxxer.hikari.HikariDataSource       : HikariPool-1 - Start completed.
2025-03-06T23:32:58.360-08:00  WARN 67156 --- [           main] org.hibernate.orm.deprecation            : HHH90000025: H2Dialect does not need to be specified explicitly using 'hibernate.dialect' (remove the property setting and it will be selected by default)
2025-03-06T23:32:58.383-08:00  INFO 67156 --- [           main] o.h.e.t.j.p.i.JtaPlatformInitiator       : HHH000489: No JTA platform available (set 'hibernate.transaction.jta.platform' to enable JTA platform integration)
Hibernate: drop table if exists admins cascade 
Hibernate: drop table if exists tasks cascade 
Hibernate: drop table if exists users cascade 
Hibernate: create table admins (id integer generated by default as identity, email varchar(255) not null unique, first_name varchar(255) not null, last_name varchar(255) not null, password varchar(255) not null, role varchar(255) not null, user_name varchar(255) not null unique, primary key (id))
Hibernate: create table tasks (completion_status boolean not null, id integer generated by default as identity, lock_status boolean not null, priority_status integer not null, description varchar(255), due_date varchar(255), task_name varchar(255), primary key (id))
Hibernate: create table users (user_id integer generated by default as identity, email varchar(255) not null unique, first_name varchar(255) not null, last_name varchar(255) not null, passcode varchar(255) not null, user_role varchar(255) not null, username varchar(255) not null unique, primary key (user_id))
2025-03-06T23:32:58.386-08:00  INFO 67156 --- [           main] j.LocalContainerEntityManagerFactoryBean : Initialized JPA EntityManagerFactory for persistence unit 'default'
2025-03-06T23:32:58.472-08:00  WARN 67156 --- [           main] JpaBaseConfiguration$JpaWebConfiguration : spring.jpa.open-in-view is enabled by default. Therefore, database queries may be performed during view rendering. Explicitly configure spring.jpa.open-in-view to disable this warning
2025-03-06T23:32:58.561-08:00  INFO 67156 --- [           main] o.s.b.a.h2.H2ConsoleAutoConfiguration    : H2 console available at '/h2-console'. Database available at 'jdbc:h2:mem:testdb'
2025-03-06T23:32:58.572-08:00  INFO 67156 --- [           main] o.s.b.t.m.w.SpringBootMockServletContext : Initializing Spring TestDispatcherServlet ''
2025-03-06T23:32:58.572-08:00  INFO 67156 --- [           main] o.s.t.web.servlet.TestDispatcherServlet  : Initializing Servlet ''
2025-03-06T23:32:58.573-08:00  INFO 67156 --- [           main] o.s.t.web.servlet.TestDispatcherServlet  : Completed initialization in 1 ms
2025-03-06T23:32:58.578-08:00  INFO 67156 --- [           main] c.b.T.UserControllerIntegrationTest      : Started UserControllerIntegrationTest in 0.392 seconds (process running for 2.203)
Hibernate: select count(*) from users u1_0
Number of users before test: 0
Hibernate: select u1_0.user_id,u1_0.email,u1_0.first_name,u1_0.last_name,u1_0.passcode,u1_0.user_role,u1_0.username from users u1_0
]]></system-out>
  </testcase>
  <testcase name="testCreateUser" classname="com.backend.TestClasses.UserControllerIntegrationTest" time="0.079">
    <system-out><![CDATA[Hibernate: select u1_0.user_id,u1_0.email,u1_0.first_name,u1_0.last_name,u1_0.passcode,u1_0.user_role,u1_0.username from users u1_0 where u1_0.user_id=?
Hibernate: insert into users (email,first_name,last_name,passcode,user_role,username,user_id) values (?,?,?,?,?,?,default)
Hibernate: select u1_0.user_id,u1_0.email,u1_0.first_name,u1_0.last_name,u1_0.passcode,u1_0.user_role,u1_0.username from users u1_0 where u1_0.username=?
Hibernate: select u1_0.user_id,u1_0.email,u1_0.first_name,u1_0.last_name,u1_0.passcode,u1_0.user_role,u1_0.username from users u1_0
Hibernate: delete from users where user_id=?
]]></system-out>
  </testcase>
</testsuite>